\BOOKMARK [0][-]{Honor Code.0}{\376\377\000H\000o\000n\000o\000r\000\040\000C\000o\000d\000e}{}% 1
\BOOKMARK [0][-]{chapter.1}{\376\377\000I\000n\000v\000e\000s\000t\000i\000g\000a\000t\000i\000n\000g\000\040\000t\000h\000e\000\040\000s\000p\000a\000c\000e\000\040\000s\000h\000u\000t\000t\000l\000e\000\040\000"\000C\000h\000a\000l\000l\000e\000n\000g\000e\000r\000"\000\040\000A\000c\000c\000i\000d\000e\000n\000t\000\040\000u\000s\000i\000n\000g\000\040\000L\000o\000g\000i\000s\000t\000i\000c\000\040\000R\000e\000g\000r\000e\000s\000s\000i\000o\000n}{}% 2
\BOOKMARK [1][-]{section.1.1}{\376\377\000F\000i\000t\000t\000i\000n\000g\000\040\000a\000\040\000L\000o\000g\000i\000s\000t\000i\000c\000\040\000m\000o\000d\000e\000l}{chapter.1}% 3
\BOOKMARK [2][-]{subsection.1.1.1}{\376\377\000d\000a\000t\000a\000\040\000p\000r\000o\000c\000e\000s\000s\000i\000n\000g}{section.1.1}% 4
\BOOKMARK [2][-]{subsection.1.1.2}{\376\377\000w\000h\000a\000t\000\040\000a\000r\000e\000\040\000t\000h\000e\000\040\000c\000o\000e\000f\000f\000i\000c\000i\000e\000n\000t\000s\000?}{section.1.1}% 5
\BOOKMARK [2][-]{subsection.1.1.3}{\376\377\000i\000n\000t\000e\000r\000p\000r\000e\000t\000i\000n\000g\000\040\000t\000h\000e\000\040\000c\000o\000e\000f\000f\000i\000c\000i\000e\000n\000t\000s}{section.1.1}% 6
\BOOKMARK [1][-]{section.1.2}{\376\377\000r\000e\000m\000o\000v\000i\000n\000g\000\040\000d\000a\000t\000a\000\040\000f\000o\000r\000\040\000f\000l\000i\000g\000h\000t\000\040\0001\0008}{chapter.1}% 7
\BOOKMARK [1][-]{section.1.3}{\376\377\000p\000r\000e\000d\000i\000c\000t\000i\000o\000n\000\040\000f\000o\000r\000\040\0003\0001\000\040\000d\000e\000g\000r\000e\000e\000s}{chapter.1}% 8
\BOOKMARK [0][-]{chapter.2}{\376\377\000M\000u\000l\000t\000i\000p\000l\000e\000\040\000L\000i\000n\000e\000a\000r\000\040\000R\000e\000g\000r\000e\000s\000s\000i\000o\000n}{}% 9
\BOOKMARK [1][-]{section.2.1}{\376\377\000n\000u\000m\000e\000r\000i\000c\000a\000l\000\040\000a\000n\000d\000\040\000g\000r\000a\000p\000h\000i\000c\000a\000l\000\040\000s\000u\000m\000m\000a\000r\000i\000e\000s}{chapter.2}% 10
\BOOKMARK [1][-]{section.2.2}{\376\377\000s\000i\000g\000n\000i\000f\000i\000c\000a\000n\000t\000\040\000p\000r\000e\000d\000i\000c\000t\000o\000r\000s}{chapter.2}% 11
\BOOKMARK [1][-]{section.2.3}{\376\377\000h\000y\000p\000o\000t\000h\000e\000s\000i\000s\000\040\000t\000e\000s\000t\000i\000n\000g}{chapter.2}% 12
\BOOKMARK [1][-]{section.2.4}{\376\377\000f\000o\000r\000c\000a\000s\000t\000\040\000p\000r\000e\000d\000i\000c\000t\000i\000o\000n}{chapter.2}% 13
\BOOKMARK [0][-]{chapter.3}{\376\377\000S\000h\000o\000r\000t\000\040\000A\000n\000s\000w\000e\000r\000\040\000Q\000u\000e\000s\000t\000i\000o\000n\000s}{}% 14
\BOOKMARK [1][-]{section.3.1}{\376\377\000r\000e\000g\000r\000e\000s\000s\000i\000o\000n\000\040\000m\000o\000d\000e\000l\000\040\000c\000h\000o\000i\000c\000e}{chapter.3}% 15
\BOOKMARK [1][-]{section.3.2}{\376\377\000E\000x\000p\000l\000a\000i\000n\000\040\000w\000h\000y\000\040\000w\000e\000\040\000n\000e\000e\000d\000\040\000r\000e\000s\000a\000m\000p\000l\000i\000n\000g\000\040\000m\000e\000t\000h\000o\000d\000s\000?}{chapter.3}% 16
\BOOKMARK [2][-]{subsection.3.2.1}{\376\377\0003\000\040\000E\000x\000a\000m\000p\000l\000e\000s\000\040\000o\000f\000\040\000r\000e\000-\000s\000a\000m\000p\000l\000i\000n\000g\000\040\000m\000e\000t\000h\000o\000d\000s}{section.3.2}% 17
\BOOKMARK [2][-]{subsection.3.2.2}{\376\377\000w\000h\000i\000c\000h\000\040\000r\000e\000-\000s\000a\000m\000p\000l\000i\000n\000g\000\040\000m\000e\000t\000h\000o\000d\000\040\000w\000o\000u\000l\000d\000\040\000y\000o\000u\000\040\000u\000s\000e\000\040\000f\000o\000r\000\040\000a\000n\000\040\000a\000p\000p\000l\000i\000c\000a\000t\000i\000o\000n\000\040\000a\000n\000d\000\040\000w\000h\000y\000?}{section.3.2}% 18
\BOOKMARK [1][-]{section.3.3}{\376\377\000W\000h\000a\000t\000\040\000i\000s\000\040\000s\000u\000p\000p\000o\000r\000t\000\040\000V\000e\000c\000t\000o\000r\000\040\000M\000a\000c\000h\000i\000n\000e\000\050\000S\000V\000M\000\051\000?}{chapter.3}% 19
\BOOKMARK [1][-]{section.3.4}{\376\377\000D\000i\000f\000f\000e\000r\000e\000n\000t\000i\000a\000t\000e\000\040\000b\000e\000t\000w\000e\000e\000n\000\040\000K\000-\000M\000e\000a\000n\000s\000\040\000C\000l\000u\000s\000t\000e\000r\000i\000n\000g\000\040\000a\000n\000d\000\040\000K\000-\000N\000e\000a\000r\000e\000s\000t\000\040\000N\000e\000i\000g\000h\000b\000o\000r\000\040\000\050\000K\000N\000N\000\051}{chapter.3}% 20
\BOOKMARK [1][-]{section.3.5}{\376\377\000D\000i\000f\000f\000e\000r\000e\000n\000t\000i\000a\000t\000e\000\040\000b\000e\000t\000w\000e\000e\000n\000\040\000L\000i\000n\000e\000a\000r\000\040\000D\000i\000s\000c\000r\000i\000m\000i\000n\000a\000n\000t\000\040\000A\000n\000a\000l\000y\000s\000i\000s\000\040\000\050\000L\000D\000A\000\051\000\040\000a\000n\000d\000\040\000Q\000u\000a\000d\000r\000a\000t\000i\000c\000\040\000D\000i\000s\000c\000r\000i\000m\000i\000n\000a\000n\000t\000\040\000A\000n\000a\000l\000y\000s\000i\000s\000\040\000\050\000Q\000D\000A\000\051}{chapter.3}% 21
